<?xml version="1.0" encoding="UTF-8"?>
<!-- Generated by org.testng.reporters.JUnitReportReporter -->
<testsuite hostname="karthikkulkarni" failures="0" tests="1"
	name="practiceDataDrivenTesting.ReadDataXMLTest" time="0.011"
	errors="0" timestamp="2024-05-25T13:05:52 IST" skipped="0">
	<testcase
		classname="practiceDataDrivenTesting.ReadDataXMLTest"
		name="sampleTest" time="0.011" />
	<system-out />
</testsuite> <!-- practiceDataDrivenTesting.ReadDataXMLTest -->
