<?xml version="1.0" encoding="UTF-8"?>
<!-- Generated by org.testng.reporters.JUnitReportReporter -->
<testsuite hostname="karthikkulkarni" failures="0" tests="3"
	name="practice.TestNG.CreateContactTest" time="0.022" errors="0"
	timestamp="2024-06-04T17:50:59 IST" skipped="0">
	<testcase classname="practice.TestNG.CreateContactTest"
		name="createContact" time="0.017" />
	<system-out />
	<testcase classname="practice.TestNG.CreateContactTest"
		name="createContact" time="0.002" />
	<system-out />
	<testcase classname="practice.TestNG.CreateContactTest"
		name="createContact" time="0.003" />
	<system-out />
</testsuite> <!-- practice.TestNG.CreateContactTest -->
