<?xml version="1.0" encoding="UTF-8"?>
<!-- Generated by org.testng.reporters.JUnitReportReporter -->
<testsuite hostname="karthikkulkarni" failures="0" tests="3" name="com.crm.comcastOrgTest.Organization_test" time="36.179" errors="0" timestamp="2024-06-17T14:53:57 IST" skipped="0">
  <testcase classname="com.crm.comcastOrgTest.Organization_test" name="createOrg" time="13.044"/>
  <system-out/>
  <testcase classname="com.crm.comcastOrgTest.Organization_test" name="createOrgWithPhonenumber" time="11.271"/>
  <system-out/>
  <testcase classname="com.crm.comcastOrgTest.Organization_test" name="createOrgWithIndustry" time="11.864"/>
  <system-out/>
</testsuite> <!-- com.crm.comcastOrgTest.Organization_test -->
