<?xml version="1.0" encoding="UTF-8"?>
<!-- Generated by org.testng.reporters.JUnitReportReporter -->
<testsuite hostname="karthikkulkarni" failures="0" tests="3"
	name="practice.TestNG.CreateContactWithPHNO$CreateContactTest"
	time="0.021" errors="0" timestamp="2024-06-04T18:06:25 IST" skipped="0">
	<testcase
		classname="practice.TestNG.CreateContactWithPHNO$CreateContactTest"
		name="createContact" time="0.016" />
	<system-out />
	<testcase
		classname="practice.TestNG.CreateContactWithPHNO$CreateContactTest"
		name="createContact" time="0.002" />
	<system-out />
	<testcase
		classname="practice.TestNG.CreateContactWithPHNO$CreateContactTest"
		name="createContact" time="0.003" />
	<system-out />
</testsuite> <!-- practice.TestNG.CreateContactWithPHNO$CreateContactTest -->
