<?xml version="1.0" encoding="UTF-8"?>
<!-- Generated by org.testng.reporters.JUnitReportReporter -->
<testsuite hostname="karthikkulkarni" failures="0" tests="1"
	name="practice.pomrepositry.SampleTestWithPOM" time="6.939" errors="0"
	timestamp="2024-06-01T11:02:12 IST" skipped="0">
	<testcase classname="practice.pomrepositry.SampleTestWithPOM"
		name="sampleTest" time="6.939" />
	<system-out />
</testsuite> <!-- practice.pomrepositry.SampleTestWithPOM -->
