<?xml version="1.0" encoding="UTF-8"?>
<!-- Generated by org.testng.reporters.JUnitReportReporter -->
<testsuite hostname="karthikkulkarni" failures="0" tests="3" name="com.crm.comcastContactTest.ContactTest" time="62.210" errors="0" timestamp="2024-06-17T11:43:26 IST" skipped="0">
  <testcase classname="com.crm.comcastContactTest.ContactTest" name="createContactWithDate" time="27.839"/>
  <system-out/>
  <testcase classname="com.crm.comcastContactTest.ContactTest" name="createContacttest" time="12.991"/>
  <system-out/>
  <testcase classname="com.crm.comcastContactTest.ContactTest" name="CreateContactWithOrg" time="21.380"/>
  <system-out/>
</testsuite> <!-- com.crm.comcastContactTest.ContactTest -->
