<?xml version="1.0" encoding="UTF-8"?>
<!-- Generated by org.testng.reporters.JUnitReportReporter -->
<testsuite hostname="karthikkulkarni" failures="0" tests="1"
	name="practice_report.Sample_reportTest" time="2.987" errors="0"
	timestamp="2024-06-11T18:10:43 IST" skipped="0">
	<testcase classname="practice_report.Sample_reportTest"
		name="createContacttest" time="2.987" />
	<system-out />
</testsuite> <!-- practice_report.Sample_reportTest -->
